<?xml version="1.0" encoding="utf-8"?><testsuites><testsuite name="pytest" errors="0" failures="0" skipped="0" tests="7" time="14.223" timestamp="2021-09-19T13:10:56.475440" hostname="Ryzen"><testcase classname="test_runner.Testrunner" name="test_delete_more_than_one" time="4.135" /><testcase classname="test_runner.Testrunner" name="test_delete_none" time="1.834" /><testcase classname="test_runner.Testrunner" name="test_delete_to_wrong_realm" time="1.889" /><testcase classname="test_runner.Testrunner" name="test_delete_with_invalid_table" time="1.820" /><testcase classname="test_runner.Testrunner" name="test_delete_with_wrong_table" time="1.749" /><testcase classname="test_runner.Testrunner" name="test_delete_with_wrong_token" time="1.800" /><testcase classname="test_runner.Testrunner" name="test_delete_without_header" time="0.822" /></testsuite></testsuites>